<?xml version="1.0" encoding="UTF-8"?>
<!-- Generated by org.testng.reporters.JUnitReportReporter -->
<testsuite hostname="DESKTOP-4OM7176" failures="0" tests="1" name="com.epam.uitafpractice.test.GCloudPricingCalculatorTest" time="47.503" errors="0" timestamp="2023-01-18T12:27:20 EET" skipped="0">
  <testcase classname="com.epam.uitafpractice.test.GCloudPricingCalculatorTest" name="pricingCalculatorFromTest" time="47.503"/>
  <system-out/>
</testsuite> <!-- com.epam.uitafpractice.test.GCloudPricingCalculatorTest -->
